{"/home/oxide/code-projects/js/jest-test/index.js": {"path":"/home/oxide/code-projects/js/jest-test/index.js","all":false,"statementMap":{"0":{"start":{"line":1,"column":0},"end":{"line":1,"column":28}},"1":{"start":{"line":2,"column":0},"end":{"line":2,"column":30}},"2":{"start":{"line":3,"column":0},"end":{"line":3,"column":15}},"3":{"start":{"line":4,"column":0},"end":{"line":4,"column":1}},"4":{"start":{"line":5,"column":0},"end":{"line":5,"column":26}},"5":{"start":{"line":6,"column":0},"end":{"line":6,"column":19}},"6":{"start":{"line":7,"column":0},"end":{"line":7,"column":27}},"7":{"start":{"line":8,"column":0},"end":{"line":8,"column":24}},"8":{"start":{"line":9,"column":0},"end":{"line":9,"column":31}},"9":{"start":{"line":10,"column":0},"end":{"line":10,"column":3}},"10":{"start":{"line":11,"column":0},"end":{"line":11,"column":17}},"11":{"start":{"line":12,"column":0},"end":{"line":12,"column":1}},"12":{"start":{"line":13,"column":0},"end":{"line":13,"column":23}},"13":{"start":{"line":14,"column":0},"end":{"line":14,"column":30}},"14":{"start":{"line":15,"column":0},"end":{"line":15,"column":35}},"15":{"start":{"line":16,"column":0},"end":{"line":16,"column":35}},"16":{"start":{"line":17,"column":0},"end":{"line":17,"column":33}},"17":{"start":{"line":18,"column":0},"end":{"line":18,"column":0}},"18":{"start":{"line":19,"column":0},"end":{"line":19,"column":45}},"19":{"start":{"line":20,"column":0},"end":{"line":20,"column":1}},"20":{"start":{"line":21,"column":0},"end":{"line":21,"column":35}},"21":{"start":{"line":22,"column":0},"end":{"line":22,"column":34}},"22":{"start":{"line":23,"column":0},"end":{"line":23,"column":0}},"23":{"start":{"line":24,"column":0},"end":{"line":24,"column":54}},"24":{"start":{"line":25,"column":0},"end":{"line":25,"column":49}},"25":{"start":{"line":26,"column":0},"end":{"line":26,"column":21}},"26":{"start":{"line":27,"column":0},"end":{"line":27,"column":30}},"27":{"start":{"line":28,"column":0},"end":{"line":28,"column":0}},"28":{"start":{"line":29,"column":0},"end":{"line":29,"column":42}},"29":{"start":{"line":30,"column":0},"end":{"line":30,"column":36}},"30":{"start":{"line":31,"column":0},"end":{"line":31,"column":22}},"31":{"start":{"line":32,"column":0},"end":{"line":32,"column":52}},"32":{"start":{"line":33,"column":0},"end":{"line":33,"column":41}},"33":{"start":{"line":34,"column":0},"end":{"line":34,"column":22}},"34":{"start":{"line":35,"column":0},"end":{"line":35,"column":14}},"35":{"start":{"line":36,"column":0},"end":{"line":36,"column":7}},"36":{"start":{"line":37,"column":0},"end":{"line":37,"column":5}},"37":{"start":{"line":38,"column":0},"end":{"line":38,"column":0}},"38":{"start":{"line":39,"column":0},"end":{"line":39,"column":20}},"39":{"start":{"line":40,"column":0},"end":{"line":40,"column":53}},"40":{"start":{"line":41,"column":0},"end":{"line":41,"column":68}},"41":{"start":{"line":42,"column":0},"end":{"line":42,"column":27}},"42":{"start":{"line":43,"column":0},"end":{"line":43,"column":5}},"43":{"start":{"line":44,"column":0},"end":{"line":44,"column":0}},"44":{"start":{"line":45,"column":0},"end":{"line":45,"column":45}},"45":{"start":{"line":46,"column":0},"end":{"line":46,"column":23}},"46":{"start":{"line":47,"column":0},"end":{"line":47,"column":12}},"47":{"start":{"line":48,"column":0},"end":{"line":48,"column":46}},"48":{"start":{"line":49,"column":0},"end":{"line":49,"column":5}},"49":{"start":{"line":50,"column":0},"end":{"line":50,"column":0}},"50":{"start":{"line":51,"column":0},"end":{"line":51,"column":24}},"51":{"start":{"line":52,"column":0},"end":{"line":52,"column":3}},"52":{"start":{"line":53,"column":0},"end":{"line":53,"column":0}},"53":{"start":{"line":54,"column":0},"end":{"line":54,"column":38}},"54":{"start":{"line":55,"column":0},"end":{"line":55,"column":19}},"55":{"start":{"line":56,"column":0},"end":{"line":56,"column":1}},"56":{"start":{"line":57,"column":0},"end":{"line":57,"column":30}},"57":{"start":{"line":58,"column":0},"end":{"line":58,"column":14}},"58":{"start":{"line":59,"column":0},"end":{"line":59,"column":14}},"59":{"start":{"line":60,"column":0},"end":{"line":60,"column":18}},"60":{"start":{"line":61,"column":0},"end":{"line":61,"column":17}},"61":{"start":{"line":62,"column":0},"end":{"line":62,"column":0}},"62":{"start":{"line":63,"column":0},"end":{"line":63,"column":24}},"63":{"start":{"line":64,"column":0},"end":{"line":64,"column":24}},"64":{"start":{"line":65,"column":0},"end":{"line":65,"column":17}},"65":{"start":{"line":66,"column":0},"end":{"line":66,"column":30}},"66":{"start":{"line":67,"column":0},"end":{"line":67,"column":27}},"67":{"start":{"line":68,"column":0},"end":{"line":68,"column":23}},"68":{"start":{"line":69,"column":0},"end":{"line":69,"column":5}},"69":{"start":{"line":70,"column":0},"end":{"line":70,"column":27}},"70":{"start":{"line":71,"column":0},"end":{"line":71,"column":23}},"71":{"start":{"line":72,"column":0},"end":{"line":72,"column":5}},"72":{"start":{"line":73,"column":0},"end":{"line":73,"column":5}},"73":{"start":{"line":74,"column":0},"end":{"line":74,"column":15}},"74":{"start":{"line":75,"column":0},"end":{"line":75,"column":15}},"75":{"start":{"line":76,"column":0},"end":{"line":76,"column":20}},"76":{"start":{"line":77,"column":0},"end":{"line":77,"column":0}},"77":{"start":{"line":78,"column":0},"end":{"line":78,"column":15}},"78":{"start":{"line":79,"column":0},"end":{"line":79,"column":13}},"79":{"start":{"line":80,"column":0},"end":{"line":80,"column":13}},"80":{"start":{"line":81,"column":0},"end":{"line":81,"column":21}},"81":{"start":{"line":82,"column":0},"end":{"line":82,"column":19}},"82":{"start":{"line":83,"column":0},"end":{"line":83,"column":4}},"83":{"start":{"line":84,"column":0},"end":{"line":84,"column":0}},"84":{"start":{"line":85,"column":0},"end":{"line":85,"column":13}},"85":{"start":{"line":86,"column":0},"end":{"line":86,"column":1}},"86":{"start":{"line":87,"column":0},"end":{"line":87,"column":0}},"87":{"start":{"line":88,"column":0},"end":{"line":88,"column":72}}},"s":{"0":1,"1":1,"2":1,"3":1,"4":1,"5":1,"6":1,"7":1,"8":18,"9":18,"10":1,"11":1,"12":1,"13":1,"14":1,"15":1,"16":1,"17":1,"18":1,"19":1,"20":1,"21":1,"22":1,"23":1,"24":1,"25":1,"26":1,"27":1,"28":1,"29":51,"30":51,"31":51,"32":744,"33":41,"34":41,"35":41,"36":744,"37":51,"38":51,"39":51,"40":1,"41":1,"42":1,"43":51,"44":51,"45":10,"46":51,"47":41,"48":41,"49":51,"50":51,"51":51,"52":1,"53":1,"54":1,"55":1,"56":1,"57":1,"58":1,"59":1,"60":1,"61":1,"62":1,"63":1,"64":1,"65":1,"66":6,"67":1,"68":1,"69":6,"70":2,"71":2,"72":1,"73":1,"74":1,"75":1,"76":1,"77":1,"78":1,"79":1,"80":1,"81":1,"82":1,"83":1,"84":1,"85":1,"86":1,"87":1},"branchMap":{"0":{"type":"branch","line":1,"loc":{"start":{"line":1,"column":0},"end":{"line":4,"column":1}},"locations":[{"start":{"line":1,"column":0},"end":{"line":4,"column":1}}]},"1":{"type":"branch","line":5,"loc":{"start":{"line":5,"column":0},"end":{"line":12,"column":1}},"locations":[{"start":{"line":5,"column":0},"end":{"line":12,"column":1}}]},"2":{"type":"branch","line":8,"loc":{"start":{"line":8,"column":23},"end":{"line":10,"column":3}},"locations":[{"start":{"line":8,"column":23},"end":{"line":10,"column":3}}]},"3":{"type":"branch","line":13,"loc":{"start":{"line":13,"column":0},"end":{"line":20,"column":1}},"locations":[{"start":{"line":13,"column":0},"end":{"line":20,"column":1}}]},"4":{"type":"branch","line":14,"loc":{"start":{"line":14,"column":14},"end":{"line":14,"column":29}},"locations":[{"start":{"line":14,"column":14},"end":{"line":14,"column":29}}]},"5":{"type":"branch","line":15,"loc":{"start":{"line":15,"column":19},"end":{"line":15,"column":34}},"locations":[{"start":{"line":15,"column":19},"end":{"line":15,"column":34}}]},"6":{"type":"branch","line":16,"loc":{"start":{"line":16,"column":19},"end":{"line":16,"column":34}},"locations":[{"start":{"line":16,"column":19},"end":{"line":16,"column":34}}]},"7":{"type":"branch","line":17,"loc":{"start":{"line":17,"column":17},"end":{"line":17,"column":32}},"locations":[{"start":{"line":17,"column":17},"end":{"line":17,"column":32}}]},"8":{"type":"branch","line":21,"loc":{"start":{"line":21,"column":0},"end":{"line":56,"column":1}},"locations":[{"start":{"line":21,"column":0},"end":{"line":56,"column":1}}]},"9":{"type":"branch","line":29,"loc":{"start":{"line":29,"column":41},"end":{"line":52,"column":3}},"locations":[{"start":{"line":29,"column":41},"end":{"line":52,"column":3}}]},"10":{"type":"branch","line":32,"loc":{"start":{"line":32,"column":51},"end":{"line":37,"column":5}},"locations":[{"start":{"line":32,"column":51},"end":{"line":37,"column":5}}]},"11":{"type":"branch","line":33,"loc":{"start":{"line":33,"column":40},"end":{"line":36,"column":7}},"locations":[{"start":{"line":33,"column":40},"end":{"line":36,"column":7}}]},"12":{"type":"branch","line":40,"loc":{"start":{"line":40,"column":52},"end":{"line":43,"column":5}},"locations":[{"start":{"line":40,"column":52},"end":{"line":43,"column":5}}]},"13":{"type":"branch","line":45,"loc":{"start":{"line":45,"column":23},"end":{"line":45,"column":42}},"locations":[{"start":{"line":45,"column":23},"end":{"line":45,"column":42}}]},"14":{"type":"branch","line":45,"loc":{"start":{"line":45,"column":44},"end":{"line":47,"column":5}},"locations":[{"start":{"line":45,"column":44},"end":{"line":47,"column":5}}]},"15":{"type":"branch","line":47,"loc":{"start":{"line":47,"column":5},"end":{"line":49,"column":5}},"locations":[{"start":{"line":47,"column":5},"end":{"line":49,"column":5}}]},"16":{"type":"branch","line":57,"loc":{"start":{"line":57,"column":0},"end":{"line":86,"column":1}},"locations":[{"start":{"line":57,"column":0},"end":{"line":86,"column":1}}]},"17":{"type":"branch","line":66,"loc":{"start":{"line":66,"column":17},"end":{"line":73,"column":3}},"locations":[{"start":{"line":66,"column":17},"end":{"line":73,"column":3}}]},"18":{"type":"branch","line":67,"loc":{"start":{"line":67,"column":26},"end":{"line":69,"column":5}},"locations":[{"start":{"line":67,"column":26},"end":{"line":69,"column":5}}]},"19":{"type":"branch","line":70,"loc":{"start":{"line":70,"column":26},"end":{"line":72,"column":5}},"locations":[{"start":{"line":70,"column":26},"end":{"line":72,"column":5}}]}},"b":{"0":[1],"1":[1],"2":[18],"3":[1],"4":[1],"5":[1],"6":[1],"7":[1],"8":[1],"9":[51],"10":[744],"11":[41],"12":[1],"13":[13],"14":[10],"15":[41],"16":[1],"17":[6],"18":[1],"19":[2]},"fnMap":{"0":{"name":"capitalize","decl":{"start":{"line":1,"column":0},"end":{"line":4,"column":1}},"loc":{"start":{"line":1,"column":0},"end":{"line":4,"column":1}},"line":1},"1":{"name":"reversed","decl":{"start":{"line":5,"column":0},"end":{"line":12,"column":1}},"loc":{"start":{"line":5,"column":0},"end":{"line":12,"column":1}},"line":5},"2":{"name":"calculator","decl":{"start":{"line":13,"column":0},"end":{"line":20,"column":1}},"loc":{"start":{"line":13,"column":0},"end":{"line":20,"column":1}},"line":13},"3":{"name":"add","decl":{"start":{"line":14,"column":14},"end":{"line":14,"column":29}},"loc":{"start":{"line":14,"column":14},"end":{"line":14,"column":29}},"line":14},"4":{"name":"subtract","decl":{"start":{"line":15,"column":19},"end":{"line":15,"column":34}},"loc":{"start":{"line":15,"column":19},"end":{"line":15,"column":34}},"line":15},"5":{"name":"multiply","decl":{"start":{"line":16,"column":19},"end":{"line":16,"column":34}},"loc":{"start":{"line":16,"column":19},"end":{"line":16,"column":34}},"line":16},"6":{"name":"divide","decl":{"start":{"line":17,"column":17},"end":{"line":17,"column":32}},"loc":{"start":{"line":17,"column":17},"end":{"line":17,"column":32}},"line":17},"7":{"name":"caesarCipher","decl":{"start":{"line":21,"column":0},"end":{"line":56,"column":1}},"loc":{"start":{"line":21,"column":0},"end":{"line":56,"column":1}},"line":21},"8":{"name":"analyzeArray","decl":{"start":{"line":57,"column":0},"end":{"line":86,"column":1}},"loc":{"start":{"line":57,"column":0},"end":{"line":86,"column":1}},"line":57}},"f":{"0":1,"1":1,"2":1,"3":1,"4":1,"5":1,"6":1,"7":1,"8":1}}
}
