TN:
SF:index.js
FN:1,capitalize
FN:5,reversed
FN:13,calculator
FN:14,add
FN:15,subtract
FN:16,multiply
FN:17,divide
FN:21,caesarCipher
FN:57,analyzeArray
FNF:9
FNH:9
FNDA:1,capitalize
FNDA:1,reversed
FNDA:1,calculator
FNDA:1,add
FNDA:1,subtract
FNDA:1,multiply
FNDA:1,divide
FNDA:1,caesarCipher
FNDA:1,analyzeArray
DA:1,1
DA:2,1
DA:3,1
DA:4,1
DA:5,1
DA:6,1
DA:7,1
DA:8,1
DA:9,18
DA:10,18
DA:11,1
DA:12,1
DA:13,1
DA:14,1
DA:15,1
DA:16,1
DA:17,1
DA:18,1
DA:19,1
DA:20,1
DA:21,1
DA:22,1
DA:23,1
DA:24,1
DA:25,1
DA:26,1
DA:27,1
DA:28,1
DA:29,1
DA:30,51
DA:31,51
DA:32,51
DA:33,744
DA:34,41
DA:35,41
DA:36,41
DA:37,744
DA:38,51
DA:39,51
DA:40,51
DA:41,1
DA:42,1
DA:43,1
DA:44,51
DA:45,51
DA:46,10
DA:47,51
DA:48,41
DA:49,41
DA:50,51
DA:51,51
DA:52,51
DA:53,1
DA:54,1
DA:55,1
DA:56,1
DA:57,1
DA:58,1
DA:59,1
DA:60,1
DA:61,1
DA:62,1
DA:63,1
DA:64,1
DA:65,1
DA:66,1
DA:67,6
DA:68,1
DA:69,1
DA:70,6
DA:71,2
DA:72,2
DA:73,1
DA:74,1
DA:75,1
DA:76,1
DA:77,1
DA:78,1
DA:79,1
DA:80,1
DA:81,1
DA:82,1
DA:83,1
DA:84,1
DA:85,1
DA:86,1
DA:87,1
DA:88,1
LF:88
LH:88
BRDA:1,0,0,1
BRDA:5,1,0,1
BRDA:8,2,0,18
BRDA:13,3,0,1
BRDA:14,4,0,1
BRDA:15,5,0,1
BRDA:16,6,0,1
BRDA:17,7,0,1
BRDA:21,8,0,1
BRDA:29,9,0,51
BRDA:32,10,0,744
BRDA:33,11,0,41
BRDA:40,12,0,1
BRDA:45,13,0,13
BRDA:45,14,0,10
BRDA:47,15,0,41
BRDA:57,16,0,1
BRDA:66,17,0,6
BRDA:67,18,0,1
BRDA:70,19,0,2
BRF:20
BRH:20
end_of_record
